# JRE version: OpenJDK Runtime Environment (8.0_452-b09) (build 1.8.0_452-8u452-ga~us1-0ubuntu1~20.04-b09)
# Java VM: OpenJDK 64-Bit Server VM (25.452-b09 mixed mode linux-amd64 compressed oops)
Heap:
 def new generation   total 28992K, used 27073K [0x0000000080000000, 0x0000000081f70000, 0x00000000aaaa0000)
  eden space 25792K, 100% used [0x0000000080000000, 0x0000000081930000, 0x0000000081930000)
  from space 3200K,  40% used [0x0000000081930000, 0x0000000081a704c0, 0x0000000081c50000)
  to   space 3200K,  99% used [0x0000000081c50000, 0x0000000081f6fff8, 0x0000000081f70000)
 tenured generation   total 64308K, used 58939K [0x00000000aaaa0000, 0x00000000ae96d000, 0x0000000100000000)
   the space 64308K,  91% used [0x00000000aaaa0000, 0x00000000ae42ef88, 0x00000000ae42f000, 0x00000000ae96d000)
 Metaspace       used 108751K, capacity 122107K, committed 122216K, reserved 1155072K
  class space    used 15225K, capacity 16474K, committed 16528K, reserved 1048576K
GC Heap History (10 events):
Event: 21.261 GC heap after
Heap after GC invocations=120 (full 8):
 def new generation   total 28992K, used 3199K [0x0000000080000000, 0x0000000081f70000, 0x00000000aaaa0000)
  eden space 25792K,   0% used [0x0000000080000000, 0x0000000080000000, 0x0000000081930000)
  from space 3200K,  99% used [0x0000000081930000, 0x0000000081c4fff8, 0x0000000081c50000)
  to   space 3200K,   0% used [0x0000000081c50000, 0x0000000081c50000, 0x0000000081f70000)
 tenured generation   total 64308K, used 44572K [0x00000000aaaa0000, 0x00000000ae96d000, 0x0000000100000000)
   the space 64308K,  69% used [0x00000000aaaa0000, 0x00000000ad627360, 0x00000000ad627400, 0x00000000ae96d000)
 Metaspace       used 108204K, capacity 121441K, committed 121704K, reserved 1155072K
  class space    used 15163K, capacity 16415K, committed 16528K, reserved 1048576K
}
Event: 21.351 GC heap before
{Heap before GC invocations=120 (full 8):
 def new generation   total 28992K, used 28764K [0x0000000080000000, 0x0000000081f70000, 0x00000000aaaa0000)
  eden space 25792K,  99% used [0x0000000080000000, 0x00000000818f7130, 0x0000000081930000)
  from space 3200K,  99% used [0x0000000081930000, 0x0000000081c4fff8, 0x0000000081c50000)
  to   space 3200K,   0% used [0x0000000081c50000, 0x0000000081c50000, 0x0000000081f70000)
 tenured generation   total 64308K, used 44572K [0x00000000aaaa0000, 0x00000000ae96d000, 0x0000000100000000)
   the space 64308K,  69% used [0x00000000aaaa0000, 0x00000000ad627360, 0x00000000ad627400, 0x00000000ae96d000)
 Metaspace       used 108209K, capacity 121441K, committed 121704K, reserved 1155072K
  class space    used 15163K, capacity 16415K, committed 16528K, reserved 1048576K
Event: 21.361 GC heap after
Heap after GC invocations=121 (full 8):
 def new generation   total 28992K, used 3200K [0x0000000080000000, 0x0000000081f70000, 0x00000000aaaa0000)
  eden space 25792K,   0% used [0x0000000080000000, 0x0000000080000000, 0x0000000081930000)
  from space 3200K, 100% used [0x0000000081c50000, 0x0000000081f70000, 0x0000000081f70000)
  to   space 3200K,   0% used [0x0000000081930000, 0x0000000081930000, 0x0000000081c50000)
 tenured generation   total 64308K, used 49185K [0x00000000aaaa0000, 0x00000000ae96d000, 0x0000000100000000)
   the space 64308K,  76% used [0x00000000aaaa0000, 0x00000000adaa8798, 0x00000000adaa8800, 0x00000000ae96d000)
 Metaspace       used 108209K, capacity 121441K, committed 121704K, reserved 1155072K
  class space    used 15163K, capacity 16415K, committed 16528K, reserved 1048576K
}
Event: 21.653 GC heap before
{Heap before GC invocations=121 (full 8):
 def new generation   total 28992K, used 28992K [0x0000000080000000, 0x0000000081f70000, 0x00000000aaaa0000)
  eden space 25792K, 100% used [0x0000000080000000, 0x0000000081930000, 0x0000000081930000)
  from space 3200K, 100% used [0x0000000081c50000, 0x0000000081f70000, 0x0000000081f70000)
  to   space 3200K,   0% used [0x0000000081930000, 0x0000000081930000, 0x0000000081c50000)
 tenured generation   total 64308K, used 49185K [0x00000000aaaa0000, 0x00000000ae96d000, 0x0000000100000000)
   the space 64308K,  76% used [0x00000000aaaa0000, 0x00000000adaa8798, 0x00000000adaa8800, 0x00000000ae96d000)
 Metaspace       used 108570K, capacity 121917K, committed 122216K, reserved 1155072K
  class space    used 15219K, capacity 16465K, committed 16528K, reserved 1048576K
Event: 21.661 GC heap after
Heap after GC invocations=122 (full 8):
 def new generation   total 28992K, used 3199K [0x0000000080000000, 0x0000000081f70000, 0x00000000aaaa0000)
  eden space 25792K,   0% used [0x0000000080000000, 0x0000000080000000, 0x0000000081930000)
  from space 3200K,  99% used [0x0000000081930000, 0x0000000081c4fff8, 0x0000000081c50000)
  to   space 3200K,   0% used [0x0000000081c50000, 0x0000000081c50000, 0x0000000081f70000)
 tenured generation   total 64308K, used 54592K [0x00000000aaaa0000, 0x00000000ae96d000, 0x0000000100000000)
   the space 64308K,  84% used [0x00000000aaaa0000, 0x00000000adff00b0, 0x00000000adff0200, 0x00000000ae96d000)
 Metaspace       used 108570K, capacity 121917K, committed 122216K, reserved 1155072K
  class space    used 15219K, capacity 16465K, committed 16528K, reserved 1048576K
}
Event: 61.068 GC heap before
{Heap before GC invocations=122 (full 8):
 def new generation   total 28992K, used 28981K [0x0000000080000000, 0x0000000081f70000, 0x00000000aaaa0000)
  eden space 25792K,  99% used [0x0000000080000000, 0x000000008192d410, 0x0000000081930000)
  from space 3200K,  99% used [0x0000000081930000, 0x0000000081c4fff8, 0x0000000081c50000)
  to   space 3200K,   0% used [0x0000000081c50000, 0x0000000081c50000, 0x0000000081f70000)
 tenured generation   total 64308K, used 54592K [0x00000000aaaa0000, 0x00000000ae96d000, 0x0000000100000000)
   the space 64308K,  84% used [0x00000000aaaa0000, 0x00000000adff00b0, 0x00000000adff0200, 0x00000000ae96d000)
 Metaspace       used 108648K, capacity 122017K, committed 122216K, reserved 1155072K
  class space    used 15223K, capacity 16471K, committed 16528K, reserved 1048576K
Event: 61.074 GC heap after
Heap after GC invocations=123 (full 8):
 def new generation   total 28992K, used 628K [0x0000000080000000, 0x0000000081f70000, 0x00000000aaaa0000)
  eden space 25792K,   0% used [0x0000000080000000, 0x0000000080000000, 0x0000000081930000)
  from space 3200K,  19% used [0x0000000081c50000, 0x0000000081ced148, 0x0000000081f70000)
  to   space 3200K,   0% used [0x0000000081930000, 0x0000000081930000, 0x0000000081c50000)
 tenured generation   total 64308K, used 57782K [0x00000000aaaa0000, 0x00000000ae96d000, 0x0000000100000000)
   the space 64308K,  89% used [0x00000000aaaa0000, 0x00000000ae30d8d0, 0x00000000ae30da00, 0x00000000ae96d000)
 Metaspace       used 108648K, capacity 122017K, committed 122216K, reserved 1155072K
  class space    used 15223K, capacity 16471K, committed 16528K, reserved 1048576K
}
Event: 518.052 GC heap before
{Heap before GC invocations=123 (full 8):
 def new generation   total 28992K, used 26381K [0x0000000080000000, 0x0000000081f70000, 0x00000000aaaa0000)
  eden space 25792K,  99% used [0x0000000080000000, 0x00000000819263e0, 0x0000000081930000)
  from space 3200K,  19% used [0x0000000081c50000, 0x0000000081ced148, 0x0000000081f70000)
  to   space 3200K,   0% used [0x0000000081930000, 0x0000000081930000, 0x0000000081c50000)
 tenured generation   total 64308K, used 57782K [0x00000000aaaa0000, 0x00000000ae96d000, 0x0000000100000000)
   the space 64308K,  89% used [0x00000000aaaa0000, 0x00000000ae30d8d0, 0x00000000ae30da00, 0x00000000ae96d000)
 Metaspace       used 108745K, capacity 122107K, committed 122216K, reserved 1155072K
  class space    used 15225K, capacity 16474K, committed 16528K, reserved 1048576K
Event: 518.057 GC heap after
Heap after GC invocations=124 (full 8):
 def new generation   total 28992K, used 1281K [0x0000000080000000, 0x0000000081f70000, 0x00000000aaaa0000)
  eden space 25792K,   0% used [0x0000000080000000, 0x0000000080000000, 0x0000000081930000)
  from space 3200K,  40% used [0x0000000081930000, 0x0000000081a704c0, 0x0000000081c50000)
  to   space 3200K,   0% used [0x0000000081c50000, 0x0000000081c50000, 0x0000000081f70000)
 tenured generation   total 64308K, used 57782K [0x00000000aaaa0000, 0x00000000ae96d000, 0x0000000100000000)
   the space 64308K,  89% used [0x00000000aaaa0000, 0x00000000ae30d8d0, 0x00000000ae30da00, 0x00000000ae96d000)
 Metaspace       used 108745K, capacity 122107K, committed 122216K, reserved 1155072K
  class space    used 15225K, capacity 16474K, committed 16528K, reserved 1048576K
}
Event: 518.150 GC heap before
{Heap before GC invocations=124 (full 8):
 def new generation   total 28992K, used 27073K [0x0000000080000000, 0x0000000081f70000, 0x00000000aaaa0000)
  eden space 25792K, 100% used [0x0000000080000000, 0x0000000081930000, 0x0000000081930000)
  from space 3200K,  40% used [0x0000000081930000, 0x0000000081a704c0, 0x0000000081c50000)
  to   space 3200K,   0% used [0x0000000081c50000, 0x0000000081c50000, 0x0000000081f70000)
 tenured generation   total 64308K, used 57782K [0x00000000aaaa0000, 0x00000000ae96d000, 0x0000000100000000)
   the space 64308K,  89% used [0x00000000aaaa0000, 0x00000000ae30d8d0, 0x00000000ae30da00, 0x00000000ae96d000)
 Metaspace       used 108751K, capacity 122107K, committed 122216K, reserved 1155072K
  class space    used 15225K, capacity 16474K, committed 16528K, reserved 1048576K

