# JRE version: OpenJDK Runtime Environment (8.0_452-b09) (build 1.8.0_452-8u452-ga~us1-0ubuntu1~20.04-b09)
# Java VM: OpenJDK 64-Bit Server VM (25.452-b09 mixed mode linux-amd64 compressed oops)
Heap:
 def new generation   total 80384K, used 73830K [0x0000000080000000, 0x0000000085730000, 0x00000000aaaa0000)
  eden space 71488K,  99% used [0x0000000080000000, 0x00000000845803e0, 0x00000000845d0000)
  from space 8896K,  29% used [0x00000000845d0000, 0x0000000084869540, 0x0000000084e80000)
  to   space 8896K, 100% used [0x0000000084e80000, 0x0000000085730000, 0x0000000085730000)
 tenured generation   total 178476K, used 37733K [0x00000000aaaa0000, 0x00000000b58eb000, 0x0000000100000000)
   the space 178476K,  21% used [0x00000000aaaa0000, 0x00000000acf79558, 0x00000000acf79600, 0x00000000b58eb000)
 Metaspace       used 111260K, capacity 122513K, committed 128216K, reserved 1161216K
  class space    used 15135K, capacity 16085K, committed 17112K, reserved 1048576K
GC Heap History (10 events):
Event: 3603.680 GC heap after
Heap after GC invocations=468 (full 53):
 def new generation   total 80384K, used 1791K [0x0000000080000000, 0x0000000085730000, 0x00000000aaaa0000)
  eden space 71488K,   0% used [0x0000000080000000, 0x0000000080000000, 0x00000000845d0000)
  from space 8896K,  20% used [0x0000000084e80000, 0x000000008503fda8, 0x0000000085730000)
  to   space 8896K,   0% used [0x00000000845d0000, 0x00000000845d0000, 0x0000000084e80000)
 tenured generation   total 178476K, used 66582K [0x00000000aaaa0000, 0x00000000b58eb000, 0x0000000100000000)
   the space 178476K,  37% used [0x00000000aaaa0000, 0x00000000aeba5a58, 0x00000000aeba5c00, 0x00000000b58eb000)
 Metaspace       used 110811K, capacity 122081K, committed 127704K, reserved 1159168K
  class space    used 15121K, capacity 16076K, committed 17112K, reserved 1048576K
}
Event: 3603.831 GC heap before
{Heap before GC invocations=468 (full 53):
 def new generation   total 80384K, used 3288K [0x0000000080000000, 0x0000000085730000, 0x00000000aaaa0000)
  eden space 71488K,   2% used [0x0000000080000000, 0x0000000080176288, 0x00000000845d0000)
  from space 8896K,  20% used [0x0000000084e80000, 0x000000008503fda8, 0x0000000085730000)
  to   space 8896K,   0% used [0x00000000845d0000, 0x00000000845d0000, 0x0000000084e80000)
 tenured generation   total 178476K, used 66582K [0x00000000aaaa0000, 0x00000000b58eb000, 0x0000000100000000)
   the space 178476K,  37% used [0x00000000aaaa0000, 0x00000000aeba5a58, 0x00000000aeba5c00, 0x00000000b58eb000)
 Metaspace       used 110813K, capacity 122081K, committed 127704K, reserved 1159168K
  class space    used 15121K, capacity 16076K, committed 17112K, reserved 1048576K
Event: 3603.930 GC heap after
Heap after GC invocations=469 (full 54):
 def new generation   total 80384K, used 0K [0x0000000080000000, 0x0000000085730000, 0x00000000aaaa0000)
  eden space 71488K,   0% used [0x0000000080000000, 0x0000000080000000, 0x00000000845d0000)
  from space 8896K,   0% used [0x0000000084e80000, 0x0000000084e80000, 0x0000000085730000)
  to   space 8896K,   0% used [0x00000000845d0000, 0x00000000845d0000, 0x0000000084e80000)
 tenured generation   total 178476K, used 34668K [0x00000000aaaa0000, 0x00000000b58eb000, 0x0000000100000000)
   the space 178476K,  19% used [0x00000000aaaa0000, 0x00000000acc7b2e8, 0x00000000acc7b400, 0x00000000b58eb000)
 Metaspace       used 110767K, capacity 121959K, committed 127704K, reserved 1159168K
  class space    used 15107K, capacity 16051K, committed 17112K, reserved 1048576K
}
Event: 3671.195 GC heap before
{Heap before GC invocations=469 (full 54):
 def new generation   total 80384K, used 71488K [0x0000000080000000, 0x0000000085730000, 0x00000000aaaa0000)
  eden space 71488K, 100% used [0x0000000080000000, 0x00000000845d0000, 0x00000000845d0000)
  from space 8896K,   0% used [0x0000000084e80000, 0x0000000084e80000, 0x0000000085730000)
  to   space 8896K,   0% used [0x00000000845d0000, 0x00000000845d0000, 0x0000000084e80000)
 tenured generation   total 178476K, used 34668K [0x00000000aaaa0000, 0x00000000b58eb000, 0x0000000100000000)
   the space 178476K,  19% used [0x00000000aaaa0000, 0x00000000acc7b2e8, 0x00000000acc7b400, 0x00000000b58eb000)
 Metaspace       used 110826K, capacity 121959K, committed 127704K, reserved 1159168K
  class space    used 15107K, capacity 16051K, committed 17112K, reserved 1048576K
Event: 3671.201 GC heap after
Heap after GC invocations=470 (full 54):
 def new generation   total 80384K, used 3383K [0x0000000080000000, 0x0000000085730000, 0x00000000aaaa0000)
  eden space 71488K,   0% used [0x0000000080000000, 0x0000000080000000, 0x00000000845d0000)
  from space 8896K,  38% used [0x00000000845d0000, 0x000000008491dc80, 0x0000000084e80000)
  to   space 8896K,   0% used [0x0000000084e80000, 0x0000000084e80000, 0x0000000085730000)
 tenured generation   total 178476K, used 34668K [0x00000000aaaa0000, 0x00000000b58eb000, 0x0000000100000000)
   the space 178476K,  19% used [0x00000000aaaa0000, 0x00000000acc7b2e8, 0x00000000acc7b400, 0x00000000b58eb000)
 Metaspace       used 110826K, capacity 121959K, committed 127704K, reserved 1159168K
  class space    used 15107K, capacity 16051K, committed 17112K, reserved 1048576K
}
Event: 3682.900 GC heap before
{Heap before GC invocations=470 (full 54):
 def new generation   total 80384K, used 74807K [0x0000000080000000, 0x0000000085730000, 0x00000000aaaa0000)
  eden space 71488K,  99% used [0x0000000080000000, 0x00000000845c0378, 0x00000000845d0000)
  from space 8896K,  38% used [0x00000000845d0000, 0x000000008491dc80, 0x0000000084e80000)
  to   space 8896K,   0% used [0x0000000084e80000, 0x0000000084e80000, 0x0000000085730000)
 tenured generation   total 178476K, used 34668K [0x00000000aaaa0000, 0x00000000b58eb000, 0x0000000100000000)
   the space 178476K,  19% used [0x00000000aaaa0000, 0x00000000acc7b2e8, 0x00000000acc7b400, 0x00000000b58eb000)
 Metaspace       used 110962K, capacity 122087K, committed 127960K, reserved 1161216K
  class space    used 15107K, capacity 16051K, committed 17112K, reserved 1048576K
Event: 3682.906 GC heap after
Heap after GC invocations=471 (full 54):
 def new generation   total 80384K, used 1499K [0x0000000080000000, 0x0000000085730000, 0x00000000aaaa0000)
  eden space 71488K,   0% used [0x0000000080000000, 0x0000000080000000, 0x00000000845d0000)
  from space 8896K,  16% used [0x0000000084e80000, 0x0000000084ff6d28, 0x0000000085730000)
  to   space 8896K,   0% used [0x00000000845d0000, 0x00000000845d0000, 0x0000000084e80000)
 tenured generation   total 178476K, used 34668K [0x00000000aaaa0000, 0x00000000b58eb000, 0x0000000100000000)
   the space 178476K,  19% used [0x00000000aaaa0000, 0x00000000acc7b2e8, 0x00000000acc7b400, 0x00000000b58eb000)
 Metaspace       used 110962K, capacity 122087K, committed 127960K, reserved 1161216K
  class space    used 15107K, capacity 16051K, committed 17112K, reserved 1048576K
}
Event: 3909.718 GC heap before
{Heap before GC invocations=471 (full 54):
 def new generation   total 80384K, used 72955K [0x0000000080000000, 0x0000000085730000, 0x00000000aaaa0000)
  eden space 71488K,  99% used [0x0000000080000000, 0x00000000845c82b0, 0x00000000845d0000)
  from space 8896K,  16% used [0x0000000084e80000, 0x0000000084ff6d28, 0x0000000085730000)
  to   space 8896K,   0% used [0x00000000845d0000, 0x00000000845d0000, 0x0000000084e80000)
 tenured generation   total 178476K, used 34668K [0x00000000aaaa0000, 0x00000000b58eb000, 0x0000000100000000)
   the space 178476K,  19% used [0x00000000aaaa0000, 0x00000000acc7b2e8, 0x00000000acc7b400, 0x00000000b58eb000)
 Metaspace       used 111241K, capacity 122431K, committed 128216K, reserved 1161216K
  class space    used 15132K, capacity 16082K, committed 17112K, reserved 1048576K
Event: 3909.725 GC heap after
Heap after GC invocations=472 (full 54):
 def new generation   total 80384K, used 2661K [0x0000000080000000, 0x0000000085730000, 0x00000000aaaa0000)
  eden space 71488K,   0% used [0x0000000080000000, 0x0000000080000000, 0x00000000845d0000)
  from space 8896K,  29% used [0x00000000845d0000, 0x0000000084869540, 0x0000000084e80000)
  to   space 8896K,   0% used [0x0000000084e80000, 0x0000000084e80000, 0x0000000085730000)
 tenured generation   total 178476K, used 34668K [0x00000000aaaa0000, 0x00000000b58eb000, 0x0000000100000000)
   the space 178476K,  19% used [0x00000000aaaa0000, 0x00000000acc7b2e8, 0x00000000acc7b400, 0x00000000b58eb000)
 Metaspace       used 111241K, capacity 122431K, committed 128216K, reserved 1161216K
  class space    used 15132K, capacity 16082K, committed 17112K, reserved 1048576K
}
Event: 3909.907 GC heap before
{Heap before GC invocations=472 (full 54):
 def new generation   total 80384K, used 73830K [0x0000000080000000, 0x0000000085730000, 0x00000000aaaa0000)
  eden space 71488K,  99% used [0x0000000080000000, 0x00000000845803e0, 0x00000000845d0000)
  from space 8896K,  29% used [0x00000000845d0000, 0x0000000084869540, 0x0000000084e80000)
  to   space 8896K,   0% used [0x0000000084e80000, 0x0000000084e80000, 0x0000000085730000)
 tenured generation   total 178476K, used 34668K [0x00000000aaaa0000, 0x00000000b58eb000, 0x0000000100000000)
   the space 178476K,  19% used [0x00000000aaaa0000, 0x00000000acc7b2e8, 0x00000000acc7b400, 0x00000000b58eb000)
 Metaspace       used 111260K, capacity 122513K, committed 128216K, reserved 1161216K
  class space    used 15135K, capacity 16085K, committed 17112K, reserved 1048576K

