# JRE version: OpenJDK Runtime Environment (8.0_452-b09) (build 1.8.0_452-8u452-ga~us1-0ubuntu1~20.04-b09)
# Java VM: OpenJDK 64-Bit Server VM (25.452-b09 mixed mode linux-amd64 compressed oops)
Heap:
 def new generation   total 19712K, used 19442K [0x0000000080000000, 0x0000000081560000, 0x00000000aaaa0000)
  eden space 17536K,  99% used [0x0000000080000000, 0x000000008110e470, 0x0000000081120000)
  from space 2176K,  90% used [0x0000000081340000, 0x000000008152e4f0, 0x0000000081560000)
  to   space 2176K,  22% used [0x0000000081120000, 0x000000008119a330, 0x0000000081340000)
 tenured generation   total 43712K, used 42691K [0x00000000aaaa0000, 0x00000000ad550000, 0x0000000100000000)
   the space 43712K,  97% used [0x00000000aaaa0000, 0x00000000ad450c38, 0x00000000ad450e00, 0x00000000ad550000)
 Metaspace       used 107242K, capacity 120485K, committed 120552K, reserved 1153024K
  class space    used 15104K, capacity 16349K, committed 16400K, reserved 1048576K
GC Heap History (10 events):
Event: 15.464 GC heap after
Heap after GC invocations=90 (full 4):
 def new generation   total 19712K, used 1425K [0x0000000080000000, 0x0000000081560000, 0x00000000aaaa0000)
  eden space 17536K,   0% used [0x0000000080000000, 0x0000000080000000, 0x0000000081120000)
  from space 2176K,  65% used [0x0000000081340000, 0x00000000814a45e8, 0x0000000081560000)
  to   space 2176K,   0% used [0x0000000081120000, 0x0000000081120000, 0x0000000081340000)
 tenured generation   total 43712K, used 41045K [0x00000000aaaa0000, 0x00000000ad550000, 0x0000000100000000)
   the space 43712K,  93% used [0x00000000aaaa0000, 0x00000000ad2b55b0, 0x00000000ad2b5600, 0x00000000ad550000)
 Metaspace       used 106964K, capacity 120031K, committed 120296K, reserved 1153024K
  class space    used 15073K, capacity 16289K, committed 16400K, reserved 1048576K
}
Event: 15.632 GC heap before
{Heap before GC invocations=90 (full 4):
 def new generation   total 19712K, used 18961K [0x0000000080000000, 0x0000000081560000, 0x00000000aaaa0000)
  eden space 17536K, 100% used [0x0000000080000000, 0x0000000081120000, 0x0000000081120000)
  from space 2176K,  65% used [0x0000000081340000, 0x00000000814a45e8, 0x0000000081560000)
  to   space 2176K,   0% used [0x0000000081120000, 0x0000000081120000, 0x0000000081340000)
 tenured generation   total 43712K, used 41045K [0x00000000aaaa0000, 0x00000000ad550000, 0x0000000100000000)
   the space 43712K,  93% used [0x00000000aaaa0000, 0x00000000ad2b55b0, 0x00000000ad2b5600, 0x00000000ad550000)
 Metaspace       used 106994K, capacity 120095K, committed 120296K, reserved 1153024K
  class space    used 15073K, capacity 16289K, committed 16400K, reserved 1048576K
Event: 15.637 GC heap after
Heap after GC invocations=91 (full 4):
 def new generation   total 19712K, used 1263K [0x0000000080000000, 0x0000000081560000, 0x00000000aaaa0000)
  eden space 17536K,   0% used [0x0000000080000000, 0x0000000080000000, 0x0000000081120000)
  from space 2176K,  58% used [0x0000000081120000, 0x000000008125be18, 0x0000000081340000)
  to   space 2176K,   0% used [0x0000000081340000, 0x0000000081340000, 0x0000000081560000)
 tenured generation   total 43712K, used 41386K [0x00000000aaaa0000, 0x00000000ad550000, 0x0000000100000000)
   the space 43712K,  94% used [0x00000000aaaa0000, 0x00000000ad30a830, 0x00000000ad30aa00, 0x00000000ad550000)
 Metaspace       used 106994K, capacity 120095K, committed 120296K, reserved 1153024K
  class space    used 15073K, capacity 16289K, committed 16400K, reserved 1048576K
}
Event: 15.752 GC heap before
{Heap before GC invocations=91 (full 4):
 def new generation   total 19712K, used 18799K [0x0000000080000000, 0x0000000081560000, 0x00000000aaaa0000)
  eden space 17536K, 100% used [0x0000000080000000, 0x0000000081120000, 0x0000000081120000)
  from space 2176K,  58% used [0x0000000081120000, 0x000000008125be18, 0x0000000081340000)
  to   space 2176K,   0% used [0x0000000081340000, 0x0000000081340000, 0x0000000081560000)
 tenured generation   total 43712K, used 41386K [0x00000000aaaa0000, 0x00000000ad550000, 0x0000000100000000)
   the space 43712K,  94% used [0x00000000aaaa0000, 0x00000000ad30a830, 0x00000000ad30aa00, 0x00000000ad550000)
 Metaspace       used 107023K, capacity 120095K, committed 120296K, reserved 1153024K
  class space    used 15073K, capacity 16289K, committed 16400K, reserved 1048576K
Event: 15.757 GC heap after
Heap after GC invocations=92 (full 4):
 def new generation   total 19712K, used 1231K [0x0000000080000000, 0x0000000081560000, 0x00000000aaaa0000)
  eden space 17536K,   0% used [0x0000000080000000, 0x0000000080000000, 0x0000000081120000)
  from space 2176K,  56% used [0x0000000081340000, 0x0000000081473ca8, 0x0000000081560000)
  to   space 2176K,   0% used [0x0000000081120000, 0x0000000081120000, 0x0000000081340000)
 tenured generation   total 43712K, used 41828K [0x00000000aaaa0000, 0x00000000ad550000, 0x0000000100000000)
   the space 43712K,  95% used [0x00000000aaaa0000, 0x00000000ad3790d8, 0x00000000ad379200, 0x00000000ad550000)
 Metaspace       used 107023K, capacity 120095K, committed 120296K, reserved 1153024K
  class space    used 15073K, capacity 16289K, committed 16400K, reserved 1048576K
}
Event: 40.477 GC heap before
{Heap before GC invocations=92 (full 4):
 def new generation   total 19712K, used 18767K [0x0000000080000000, 0x0000000081560000, 0x00000000aaaa0000)
  eden space 17536K, 100% used [0x0000000080000000, 0x0000000081120000, 0x0000000081120000)
  from space 2176K,  56% used [0x0000000081340000, 0x0000000081473ca8, 0x0000000081560000)
  to   space 2176K,   0% used [0x0000000081120000, 0x0000000081120000, 0x0000000081340000)
 tenured generation   total 43712K, used 41828K [0x00000000aaaa0000, 0x00000000ad550000, 0x0000000100000000)
   the space 43712K,  95% used [0x00000000aaaa0000, 0x00000000ad3790d8, 0x00000000ad379200, 0x00000000ad550000)
 Metaspace       used 107130K, capacity 120265K, committed 120552K, reserved 1153024K
  class space    used 15089K, capacity 16332K, committed 16400K, reserved 1048576K
Event: 40.481 GC heap after
Heap after GC invocations=93 (full 4):
 def new generation   total 19712K, used 387K [0x0000000080000000, 0x0000000081560000, 0x00000000aaaa0000)
  eden space 17536K,   0% used [0x0000000080000000, 0x0000000080000000, 0x0000000081120000)
  from space 2176K,  17% used [0x0000000081120000, 0x0000000081180f48, 0x0000000081340000)
  to   space 2176K,   0% used [0x0000000081340000, 0x0000000081340000, 0x0000000081560000)
 tenured generation   total 43712K, used 42187K [0x00000000aaaa0000, 0x00000000ad550000, 0x0000000100000000)
   the space 43712K,  96% used [0x00000000aaaa0000, 0x00000000ad3d2c88, 0x00000000ad3d2e00, 0x00000000ad550000)
 Metaspace       used 107130K, capacity 120265K, committed 120552K, reserved 1153024K
  class space    used 15089K, capacity 16332K, committed 16400K, reserved 1048576K
}
Event: 40.532 GC heap before
{Heap before GC invocations=93 (full 4):
 def new generation   total 19712K, used 17923K [0x0000000080000000, 0x0000000081560000, 0x00000000aaaa0000)
  eden space 17536K, 100% used [0x0000000080000000, 0x0000000081120000, 0x0000000081120000)
  from space 2176K,  17% used [0x0000000081120000, 0x0000000081180f48, 0x0000000081340000)
  to   space 2176K,   0% used [0x0000000081340000, 0x0000000081340000, 0x0000000081560000)
 tenured generation   total 43712K, used 42187K [0x00000000aaaa0000, 0x00000000ad550000, 0x0000000100000000)
   the space 43712K,  96% used [0x00000000aaaa0000, 0x00000000ad3d2c88, 0x00000000ad3d2e00, 0x00000000ad550000)
 Metaspace       used 107217K, capacity 120397K, committed 120552K, reserved 1153024K
  class space    used 15099K, capacity 16345K, committed 16400K, reserved 1048576K
Event: 40.537 GC heap after
Heap after GC invocations=94 (full 4):
 def new generation   total 19712K, used 1977K [0x0000000080000000, 0x0000000081560000, 0x00000000aaaa0000)
  eden space 17536K,   0% used [0x0000000080000000, 0x0000000080000000, 0x0000000081120000)
  from space 2176K,  90% used [0x0000000081340000, 0x000000008152e4f0, 0x0000000081560000)
  to   space 2176K,   0% used [0x0000000081120000, 0x0000000081120000, 0x0000000081340000)
 tenured generation   total 43712K, used 42187K [0x00000000aaaa0000, 0x00000000ad550000, 0x0000000100000000)
   the space 43712K,  96% used [0x00000000aaaa0000, 0x00000000ad3d2c88, 0x00000000ad3d2e00, 0x00000000ad550000)
 Metaspace       used 107217K, capacity 120397K, committed 120552K, reserved 1153024K
  class space    used 15099K, capacity 16345K, committed 16400K, reserved 1048576K
}
Event: 40.644 GC heap before
{Heap before GC invocations=94 (full 4):
 def new generation   total 19712K, used 19442K [0x0000000080000000, 0x0000000081560000, 0x00000000aaaa0000)
  eden space 17536K,  99% used [0x0000000080000000, 0x000000008110e470, 0x0000000081120000)
  from space 2176K,  90% used [0x0000000081340000, 0x000000008152e4f0, 0x0000000081560000)
  to   space 2176K,   0% used [0x0000000081120000, 0x0000000081120000, 0x0000000081340000)
 tenured generation   total 43712K, used 42187K [0x00000000aaaa0000, 0x00000000ad550000, 0x0000000100000000)
   the space 43712K,  96% used [0x00000000aaaa0000, 0x00000000ad3d2c88, 0x00000000ad3d2e00, 0x00000000ad550000)
 Metaspace       used 107242K, capacity 120485K, committed 120552K, reserved 1153024K
  class space    used 15104K, capacity 16349K, committed 16400K, reserved 1048576K

