# JRE version: OpenJDK Runtime Environment (8.0_452-b09) (build 1.8.0_452-8u452-ga~us1-0ubuntu1~20.04-b09)
# Java VM: OpenJDK 64-Bit Server VM (25.452-b09 mixed mode linux-amd64 compressed oops)
Heap:
 def new generation   total 29184K, used 13609K [0x0000000080000000, 0x0000000081fa0000, 0x00000000aaaa0000)
  eden space 25984K,  40% used [0x0000000080000000, 0x0000000080a2a4e8, 0x0000000081960000)
  from space 3200K,  99% used [0x0000000081960000, 0x0000000081c7fff8, 0x0000000081c80000)
  to   space 3200K,   0% used [0x0000000081c80000, 0x0000000081c80000, 0x0000000081fa0000)
 tenured generation   total 64688K, used 44497K [0x00000000aaaa0000, 0x00000000ae9cc000, 0x0000000100000000)
   the space 64688K,  68% used [0x00000000aaaa0000, 0x00000000ad6147e0, 0x00000000ad614800, 0x00000000ae9cc000)
 Metaspace       used 110346K, capacity 124053K, committed 124248K, reserved 1157120K
  class space    used 15320K, capacity 16640K, committed 16728K, reserved 1048576K
GC Heap History (10 events):
Event: 1747.044 GC heap before
{Heap before GC invocations=138 (full 8):
 def new generation   total 29184K, used 25402K [0x0000000080000000, 0x0000000081fa0000, 0x00000000aaaa0000)
  eden space 25984K,  95% used [0x0000000080000000, 0x000000008182adc8, 0x0000000081960000)
  from space 3200K,  20% used [0x0000000081960000, 0x0000000081a03cf8, 0x0000000081c80000)
  to   space 3200K,   0% used [0x0000000081c80000, 0x0000000081c80000, 0x0000000081fa0000)
 tenured generation   total 64688K, used 37744K [0x00000000aaaa0000, 0x00000000ae9cc000, 0x0000000100000000)
   the space 64688K,  58% used [0x00000000aaaa0000, 0x00000000acf7c318, 0x00000000acf7c400, 0x00000000ae9cc000)
 Metaspace       used 110087K, capacity 123739K, committed 123864K, reserved 1157120K
  class space    used 15299K, capacity 16591K, committed 16600K, reserved 1048576K
Event: 1747.049 GC heap after
Heap after GC invocations=139 (full 8):
 def new generation   total 29184K, used 1240K [0x0000000080000000, 0x0000000081fa0000, 0x00000000aaaa0000)
  eden space 25984K,   0% used [0x0000000080000000, 0x0000000080000000, 0x0000000081960000)
  from space 3200K,  38% used [0x0000000081c80000, 0x0000000081db6118, 0x0000000081fa0000)
  to   space 3200K,   0% used [0x0000000081960000, 0x0000000081960000, 0x0000000081c80000)
 tenured generation   total 64688K, used 37744K [0x00000000aaaa0000, 0x00000000ae9cc000, 0x0000000100000000)
   the space 64688K,  58% used [0x00000000aaaa0000, 0x00000000acf7c318, 0x00000000acf7c400, 0x00000000ae9cc000)
 Metaspace       used 110087K, capacity 123739K, committed 123864K, reserved 1157120K
  class space    used 15299K, capacity 16591K, committed 16600K, reserved 1048576K
}
Event: 1803.567 GC heap before
{Heap before GC invocations=139 (full 8):
 def new generation   total 29184K, used 20403K [0x0000000080000000, 0x0000000081fa0000, 0x00000000aaaa0000)
  eden space 25984K,  73% used [0x0000000080000000, 0x00000000812b6dd0, 0x0000000081960000)
  from space 3200K,  38% used [0x0000000081c80000, 0x0000000081db6118, 0x0000000081fa0000)
  to   space 3200K,   0% used [0x0000000081960000, 0x0000000081960000, 0x0000000081c80000)
 tenured generation   total 64688K, used 37744K [0x00000000aaaa0000, 0x00000000ae9cc000, 0x0000000100000000)
   the space 64688K,  58% used [0x00000000aaaa0000, 0x00000000acf7c318, 0x00000000acf7c400, 0x00000000ae9cc000)
 Metaspace       used 110185K, capacity 123861K, committed 123992K, reserved 1157120K
  class space    used 15311K, capacity 16601K, committed 16728K, reserved 1048576K
Event: 1803.666 GC heap after
Heap after GC invocations=140 (full 9):
 def new generation   total 29184K, used 0K [0x0000000080000000, 0x0000000081fa0000, 0x00000000aaaa0000)
  eden space 25984K,   0% used [0x0000000080000000, 0x0000000080000000, 0x0000000081960000)
  from space 3200K,   0% used [0x0000000081c80000, 0x0000000081c80000, 0x0000000081fa0000)
  to   space 3200K,   0% used [0x0000000081960000, 0x0000000081960000, 0x0000000081c80000)
 tenured generation   total 64688K, used 38284K [0x00000000aaaa0000, 0x00000000ae9cc000, 0x0000000100000000)
   the space 64688K,  59% used [0x00000000aaaa0000, 0x00000000ad003038, 0x00000000ad003200, 0x00000000ae9cc000)
 Metaspace       used 110174K, capacity 123837K, committed 123992K, reserved 1157120K
  class space    used 15309K, capacity 16597K, committed 16728K, reserved 1048576K
}
Event: 2795.144 GC heap before
{Heap before GC invocations=140 (full 9):
 def new generation   total 29184K, used 25973K [0x0000000080000000, 0x0000000081fa0000, 0x00000000aaaa0000)
  eden space 25984K,  99% used [0x0000000080000000, 0x000000008195d508, 0x0000000081960000)
  from space 3200K,   0% used [0x0000000081c80000, 0x0000000081c80000, 0x0000000081fa0000)
  to   space 3200K,   0% used [0x0000000081960000, 0x0000000081960000, 0x0000000081c80000)
 tenured generation   total 64688K, used 38284K [0x00000000aaaa0000, 0x00000000ae9cc000, 0x0000000100000000)
   the space 64688K,  59% used [0x00000000aaaa0000, 0x00000000ad003038, 0x00000000ad003200, 0x00000000ae9cc000)
 Metaspace       used 110297K, capacity 123939K, committed 124248K, reserved 1157120K
  class space    used 15317K, capacity 16605K, committed 16728K, reserved 1048576K
Event: 2795.151 GC heap after
Heap after GC invocations=141 (full 9):
 def new generation   total 29184K, used 2568K [0x0000000080000000, 0x0000000081fa0000, 0x00000000aaaa0000)
  eden space 25984K,   0% used [0x0000000080000000, 0x0000000080000000, 0x0000000081960000)
  from space 3200K,  80% used [0x0000000081960000, 0x0000000081be2018, 0x0000000081c80000)
  to   space 3200K,   0% used [0x0000000081c80000, 0x0000000081c80000, 0x0000000081fa0000)
 tenured generation   total 64688K, used 38284K [0x00000000aaaa0000, 0x00000000ae9cc000, 0x0000000100000000)
   the space 64688K,  59% used [0x00000000aaaa0000, 0x00000000ad003038, 0x00000000ad003200, 0x00000000ae9cc000)
 Metaspace       used 110297K, capacity 123939K, committed 124248K, reserved 1157120K
  class space    used 15317K, capacity 16605K, committed 16728K, reserved 1048576K
}
Event: 2795.245 GC heap before
{Heap before GC invocations=141 (full 9):
 def new generation   total 29184K, used 28552K [0x0000000080000000, 0x0000000081fa0000, 0x00000000aaaa0000)
  eden space 25984K, 100% used [0x0000000080000000, 0x0000000081960000, 0x0000000081960000)
  from space 3200K,  80% used [0x0000000081960000, 0x0000000081be2018, 0x0000000081c80000)
  to   space 3200K,   0% used [0x0000000081c80000, 0x0000000081c80000, 0x0000000081fa0000)
 tenured generation   total 64688K, used 38284K [0x00000000aaaa0000, 0x00000000ae9cc000, 0x0000000100000000)
   the space 64688K,  59% used [0x00000000aaaa0000, 0x00000000ad003038, 0x00000000ad003200, 0x00000000ae9cc000)
 Metaspace       used 110328K, capacity 124035K, committed 124248K, reserved 1157120K
  class space    used 15318K, capacity 16637K, committed 16728K, reserved 1048576K
Event: 2795.255 GC heap after
Heap after GC invocations=142 (full 9):
 def new generation   total 29184K, used 3200K [0x0000000080000000, 0x0000000081fa0000, 0x00000000aaaa0000)
  eden space 25984K,   0% used [0x0000000080000000, 0x0000000080000000, 0x0000000081960000)
  from space 3200K, 100% used [0x0000000081c80000, 0x0000000081fa0000, 0x0000000081fa0000)
  to   space 3200K,   0% used [0x0000000081960000, 0x0000000081960000, 0x0000000081c80000)
 tenured generation   total 64688K, used 42411K [0x00000000aaaa0000, 0x00000000ae9cc000, 0x0000000100000000)
   the space 64688K,  65% used [0x00000000aaaa0000, 0x00000000ad40aec8, 0x00000000ad40b000, 0x00000000ae9cc000)
 Metaspace       used 110328K, capacity 124035K, committed 124248K, reserved 1157120K
  class space    used 15318K, capacity 16637K, committed 16728K, reserved 1048576K
}
Event: 2795.544 GC heap before
{Heap before GC invocations=142 (full 9):
 def new generation   total 29184K, used 29184K [0x0000000080000000, 0x0000000081fa0000, 0x00000000aaaa0000)
  eden space 25984K, 100% used [0x0000000080000000, 0x0000000081960000, 0x0000000081960000)
  from space 3200K, 100% used [0x0000000081c80000, 0x0000000081fa0000, 0x0000000081fa0000)
  to   space 3200K,   0% used [0x0000000081960000, 0x0000000081960000, 0x0000000081c80000)
 tenured generation   total 64688K, used 42411K [0x00000000aaaa0000, 0x00000000ae9cc000, 0x0000000100000000)
   the space 64688K,  65% used [0x00000000aaaa0000, 0x00000000ad40aec8, 0x00000000ad40b000, 0x00000000ae9cc000)
 Metaspace       used 110342K, capacity 124053K, committed 124248K, reserved 1157120K
  class space    used 15320K, capacity 16640K, committed 16728K, reserved 1048576K
Event: 2795.549 GC heap after
Heap after GC invocations=143 (full 9):
 def new generation   total 29184K, used 3199K [0x0000000080000000, 0x0000000081fa0000, 0x00000000aaaa0000)
  eden space 25984K,   0% used [0x0000000080000000, 0x0000000080000000, 0x0000000081960000)
  from space 3200K,  99% used [0x0000000081960000, 0x0000000081c7fff8, 0x0000000081c80000)
  to   space 3200K,   0% used [0x0000000081c80000, 0x0000000081c80000, 0x0000000081fa0000)
 tenured generation   total 64688K, used 44497K [0x00000000aaaa0000, 0x00000000ae9cc000, 0x0000000100000000)
   the space 64688K,  68% used [0x00000000aaaa0000, 0x00000000ad6147e0, 0x00000000ad614800, 0x00000000ae9cc000)
 Metaspace       used 110342K, capacity 124053K, committed 124248K, reserved 1157120K
  class space    used 15320K, capacity 16640K, committed 16728K, reserved 1048576K
}

