# JRE version: OpenJDK Runtime Environment (8.0_452-b09) (build 1.8.0_452-8u452-ga~us1-0ubuntu1~20.04-b09)
# Java VM: OpenJDK 64-Bit Server VM (25.452-b09 mixed mode linux-amd64 compressed oops)
Heap:
 def new generation   total 63104K, used 57449K [0x0000000080000000, 0x0000000084470000, 0x00000000aaaa0000)
  eden space 56128K, 100% used [0x0000000080000000, 0x00000000836d0000, 0x00000000836d0000)
  from space 6976K,  18% used [0x00000000836d0000, 0x000000008381a418, 0x0000000083da0000)
  to   space 6976K,  31% used [0x0000000083da0000, 0x0000000083fcbff8, 0x0000000084470000)
 tenured generation   total 140068K, used 66551K [0x00000000aaaa0000, 0x00000000b3369000, 0x0000000100000000)
   the space 140068K,  47% used [0x00000000aaaa0000, 0x00000000aeb9def0, 0x00000000aeb9e000, 0x00000000b3369000)
 Metaspace       used 111910K, capacity 125750K, committed 125928K, reserved 1159168K
  class space    used 15543K, capacity 16866K, committed 16912K, reserved 1048576K
GC Heap History (10 events):
Event: 671.013 GC heap after
Heap after GC invocations=332 (full 34):
 def new generation   total 63104K, used 3932K [0x0000000080000000, 0x0000000084470000, 0x00000000aaaa0000)
  eden space 56128K,   0% used [0x0000000080000000, 0x0000000080000000, 0x00000000836d0000)
  from space 6976K,  56% used [0x00000000836d0000, 0x0000000083aa7378, 0x0000000083da0000)
  to   space 6976K,   0% used [0x0000000083da0000, 0x0000000083da0000, 0x0000000084470000)
 tenured generation   total 140068K, used 65488K [0x00000000aaaa0000, 0x00000000b3369000, 0x0000000100000000)
   the space 140068K,  46% used [0x00000000aaaa0000, 0x00000000aea94018, 0x00000000aea94200, 0x00000000b3369000)
 Metaspace       used 111651K, capacity 125506K, committed 125672K, reserved 1159168K
  class space    used 15540K, capacity 16860K, committed 16912K, reserved 1048576K
}
Event: 673.343 GC heap before
{Heap before GC invocations=332 (full 34):
 def new generation   total 63104K, used 60060K [0x0000000080000000, 0x0000000084470000, 0x00000000aaaa0000)
  eden space 56128K, 100% used [0x0000000080000000, 0x00000000836d0000, 0x00000000836d0000)
  from space 6976K,  56% used [0x00000000836d0000, 0x0000000083aa7378, 0x0000000083da0000)
  to   space 6976K,   0% used [0x0000000083da0000, 0x0000000083da0000, 0x0000000084470000)
 tenured generation   total 140068K, used 65488K [0x00000000aaaa0000, 0x00000000b3369000, 0x0000000100000000)
   the space 140068K,  46% used [0x00000000aaaa0000, 0x00000000aea94018, 0x00000000aea94200, 0x00000000b3369000)
 Metaspace       used 111689K, capacity 125518K, committed 125672K, reserved 1159168K
  class space    used 15541K, capacity 16862K, committed 16912K, reserved 1048576K
Event: 673.349 GC heap after
Heap after GC invocations=333 (full 34):
 def new generation   total 63104K, used 2578K [0x0000000080000000, 0x0000000084470000, 0x00000000aaaa0000)
  eden space 56128K,   0% used [0x0000000080000000, 0x0000000080000000, 0x00000000836d0000)
  from space 6976K,  36% used [0x0000000083da0000, 0x0000000084024998, 0x0000000084470000)
  to   space 6976K,   0% used [0x00000000836d0000, 0x00000000836d0000, 0x0000000083da0000)
 tenured generation   total 140068K, used 66551K [0x00000000aaaa0000, 0x00000000b3369000, 0x0000000100000000)
   the space 140068K,  47% used [0x00000000aaaa0000, 0x00000000aeb9def0, 0x00000000aeb9e000, 0x00000000b3369000)
 Metaspace       used 111689K, capacity 125518K, committed 125672K, reserved 1159168K
  class space    used 15541K, capacity 16862K, committed 16912K, reserved 1048576K
}
Event: 698.284 GC heap before
{Heap before GC invocations=333 (full 34):
 def new generation   total 63104K, used 58587K [0x0000000080000000, 0x0000000084470000, 0x00000000aaaa0000)
  eden space 56128K,  99% used [0x0000000080000000, 0x00000000836b2300, 0x00000000836d0000)
  from space 6976K,  36% used [0x0000000083da0000, 0x0000000084024998, 0x0000000084470000)
  to   space 6976K,   0% used [0x00000000836d0000, 0x00000000836d0000, 0x0000000083da0000)
 tenured generation   total 140068K, used 66551K [0x00000000aaaa0000, 0x00000000b3369000, 0x0000000100000000)
   the space 140068K,  47% used [0x00000000aaaa0000, 0x00000000aeb9def0, 0x00000000aeb9e000, 0x00000000b3369000)
 Metaspace       used 111790K, capacity 125604K, committed 125928K, reserved 1159168K
  class space    used 15542K, capacity 16863K, committed 16912K, reserved 1048576K
Event: 698.289 GC heap after
Heap after GC invocations=334 (full 34):
 def new generation   total 63104K, used 1707K [0x0000000080000000, 0x0000000084470000, 0x00000000aaaa0000)
  eden space 56128K,   0% used [0x0000000080000000, 0x0000000080000000, 0x00000000836d0000)
  from space 6976K,  24% used [0x00000000836d0000, 0x000000008387ad08, 0x0000000083da0000)
  to   space 6976K,   0% used [0x0000000083da0000, 0x0000000083da0000, 0x0000000084470000)
 tenured generation   total 140068K, used 66551K [0x00000000aaaa0000, 0x00000000b3369000, 0x0000000100000000)
   the space 140068K,  47% used [0x00000000aaaa0000, 0x00000000aeb9def0, 0x00000000aeb9e000, 0x00000000b3369000)
 Metaspace       used 111790K, capacity 125604K, committed 125928K, reserved 1159168K
  class space    used 15542K, capacity 16863K, committed 16912K, reserved 1048576K
}
Event: 770.007 GC heap before
{Heap before GC invocations=334 (full 34):
 def new generation   total 63104K, used 57835K [0x0000000080000000, 0x0000000084470000, 0x00000000aaaa0000)
  eden space 56128K, 100% used [0x0000000080000000, 0x00000000836d0000, 0x00000000836d0000)
  from space 6976K,  24% used [0x00000000836d0000, 0x000000008387ad08, 0x0000000083da0000)
  to   space 6976K,   0% used [0x0000000083da0000, 0x0000000083da0000, 0x0000000084470000)
 tenured generation   total 140068K, used 66551K [0x00000000aaaa0000, 0x00000000b3369000, 0x0000000100000000)
   the space 140068K,  47% used [0x00000000aaaa0000, 0x00000000aeb9def0, 0x00000000aeb9e000, 0x00000000b3369000)
 Metaspace       used 111825K, capacity 125732K, committed 125928K, reserved 1159168K
  class space    used 15542K, capacity 16863K, committed 16912K, reserved 1048576K
Event: 770.013 GC heap after
Heap after GC invocations=335 (full 34):
 def new generation   total 63104K, used 2575K [0x0000000080000000, 0x0000000084470000, 0x00000000aaaa0000)
  eden space 56128K,   0% used [0x0000000080000000, 0x0000000080000000, 0x00000000836d0000)
  from space 6976K,  36% used [0x0000000083da0000, 0x0000000084023dc0, 0x0000000084470000)
  to   space 6976K,   0% used [0x00000000836d0000, 0x00000000836d0000, 0x0000000083da0000)
 tenured generation   total 140068K, used 66551K [0x00000000aaaa0000, 0x00000000b3369000, 0x0000000100000000)
   the space 140068K,  47% used [0x00000000aaaa0000, 0x00000000aeb9def0, 0x00000000aeb9e000, 0x00000000b3369000)
 Metaspace       used 111825K, capacity 125732K, committed 125928K, reserved 1159168K
  class space    used 15542K, capacity 16863K, committed 16912K, reserved 1048576K
}
Event: 884.702 GC heap before
{Heap before GC invocations=335 (full 34):
 def new generation   total 63104K, used 58542K [0x0000000080000000, 0x0000000084470000, 0x00000000aaaa0000)
  eden space 56128K,  99% used [0x0000000080000000, 0x00000000836a7cf8, 0x00000000836d0000)
  from space 6976K,  36% used [0x0000000083da0000, 0x0000000084023dc0, 0x0000000084470000)
  to   space 6976K,   0% used [0x00000000836d0000, 0x00000000836d0000, 0x0000000083da0000)
 tenured generation   total 140068K, used 66551K [0x00000000aaaa0000, 0x00000000b3369000, 0x0000000100000000)
   the space 140068K,  47% used [0x00000000aaaa0000, 0x00000000aeb9def0, 0x00000000aeb9e000, 0x00000000b3369000)
 Metaspace       used 111859K, capacity 125738K, committed 125928K, reserved 1159168K
  class space    used 15542K, capacity 16864K, committed 16912K, reserved 1048576K
Event: 884.706 GC heap after
Heap after GC invocations=336 (full 34):
 def new generation   total 63104K, used 1321K [0x0000000080000000, 0x0000000084470000, 0x00000000aaaa0000)
  eden space 56128K,   0% used [0x0000000080000000, 0x0000000080000000, 0x00000000836d0000)
  from space 6976K,  18% used [0x00000000836d0000, 0x000000008381a418, 0x0000000083da0000)
  to   space 6976K,   0% used [0x0000000083da0000, 0x0000000083da0000, 0x0000000084470000)
 tenured generation   total 140068K, used 66551K [0x00000000aaaa0000, 0x00000000b3369000, 0x0000000100000000)
   the space 140068K,  47% used [0x00000000aaaa0000, 0x00000000aeb9def0, 0x00000000aeb9e000, 0x00000000b3369000)
 Metaspace       used 111859K, capacity 125738K, committed 125928K, reserved 1159168K
  class space    used 15542K, capacity 16864K, committed 16912K, reserved 1048576K
}
Event: 1045.438 GC heap before
{Heap before GC invocations=336 (full 34):
 def new generation   total 63104K, used 57449K [0x0000000080000000, 0x0000000084470000, 0x00000000aaaa0000)
  eden space 56128K, 100% used [0x0000000080000000, 0x00000000836d0000, 0x00000000836d0000)
  from space 6976K,  18% used [0x00000000836d0000, 0x000000008381a418, 0x0000000083da0000)
  to   space 6976K,   0% used [0x0000000083da0000, 0x0000000083da0000, 0x0000000084470000)
 tenured generation   total 140068K, used 66551K [0x00000000aaaa0000, 0x00000000b3369000, 0x0000000100000000)
   the space 140068K,  47% used [0x00000000aaaa0000, 0x00000000aeb9def0, 0x00000000aeb9e000, 0x00000000b3369000)
 Metaspace       used 111910K, capacity 125750K, committed 125928K, reserved 1159168K
  class space    used 15543K, capacity 16866K, committed 16912K, reserved 1048576K

