# JRE version: OpenJDK Runtime Environment (8.0_452-b09) (build 1.8.0_452-8u452-ga~us1-0ubuntu1~20.04-b09)
# Java VM: OpenJDK 64-Bit Server VM (25.452-b09 mixed mode linux-amd64 compressed oops)
Heap:
 def new generation   total 30016K, used 11049K [0x0000000080000000, 0x0000000082090000, 0x00000000aaaa0000)
  eden space 26688K,  41% used [0x0000000080000000, 0x0000000080aca498, 0x0000000081a10000)
  from space 3328K,   0% used [0x0000000081a10000, 0x0000000081a10000, 0x0000000081d50000)
  to   space 3328K,   0% used [0x0000000081d50000, 0x0000000081d50000, 0x0000000082090000)
 tenured generation   total 66532K, used 39917K [0x00000000aaaa0000, 0x00000000aeb99000, 0x0000000100000000)
   the space 66532K,  59% used [0x00000000aaaa0000, 0x00000000ad19b6b8, 0x00000000ad19b800, 0x00000000aeb99000)
 Metaspace       used 108803K, capacity 122291K, committed 122472K, reserved 1155072K
  class space    used 15242K, capacity 16497K, committed 16528K, reserved 1048576K
GC Heap History (10 events):
Event: 33.201 GC heap before
{Heap before GC invocations=121 (full 8):
 def new generation   total 28608K, used 28607K [0x0000000080000000, 0x0000000081f00000, 0x00000000aaaa0000)
  eden space 25472K, 100% used [0x0000000080000000, 0x00000000818e0000, 0x00000000818e0000)
  from space 3136K,  99% used [0x0000000081bf0000, 0x0000000081effff8, 0x0000000081f00000)
  to   space 3136K,   0% used [0x00000000818e0000, 0x00000000818e0000, 0x0000000081bf0000)
 tenured generation   total 63372K, used 51024K [0x00000000aaaa0000, 0x00000000ae883000, 0x0000000100000000)
   the space 63372K,  80% used [0x00000000aaaa0000, 0x00000000adc742a8, 0x00000000adc74400, 0x00000000ae883000)
 Metaspace       used 108339K, capacity 121735K, committed 121960K, reserved 1155072K
  class space    used 15193K, capacity 16455K, committed 16528K, reserved 1048576K
Event: 33.210 GC heap after
Heap after GC invocations=122 (full 8):
 def new generation   total 28608K, used 3136K [0x0000000080000000, 0x0000000081f00000, 0x00000000aaaa0000)
  eden space 25472K,   0% used [0x0000000080000000, 0x0000000080000000, 0x00000000818e0000)
  from space 3136K, 100% used [0x00000000818e0000, 0x0000000081bf0000, 0x0000000081bf0000)
  to   space 3136K,   0% used [0x0000000081bf0000, 0x0000000081bf0000, 0x0000000081f00000)
 tenured generation   total 63372K, used 56678K [0x00000000aaaa0000, 0x00000000ae883000, 0x0000000100000000)
   the space 63372K,  89% used [0x00000000aaaa0000, 0x00000000ae1f98e0, 0x00000000ae1f9a00, 0x00000000ae883000)
 Metaspace       used 108339K, capacity 121735K, committed 121960K, reserved 1155072K
  class space    used 15193K, capacity 16455K, committed 16528K, reserved 1048576K
}
Event: 78.726 GC heap before
{Heap before GC invocations=122 (full 8):
 def new generation   total 28608K, used 28608K [0x0000000080000000, 0x0000000081f00000, 0x00000000aaaa0000)
  eden space 25472K, 100% used [0x0000000080000000, 0x00000000818e0000, 0x00000000818e0000)
  from space 3136K, 100% used [0x00000000818e0000, 0x0000000081bf0000, 0x0000000081bf0000)
  to   space 3136K,   0% used [0x0000000081bf0000, 0x0000000081bf0000, 0x0000000081f00000)
 tenured generation   total 63372K, used 56678K [0x00000000aaaa0000, 0x00000000ae883000, 0x0000000100000000)
   the space 63372K,  89% used [0x00000000aaaa0000, 0x00000000ae1f98e0, 0x00000000ae1f9a00, 0x00000000ae883000)
 Metaspace       used 108678K, capacity 122117K, committed 122216K, reserved 1155072K
  class space    used 15244K, capacity 16500K, committed 16528K, reserved 1048576K
Event: 78.731 GC heap after
Heap after GC invocations=123 (full 8):
 def new generation   total 28608K, used 1070K [0x0000000080000000, 0x0000000081f00000, 0x00000000aaaa0000)
  eden space 25472K,   0% used [0x0000000080000000, 0x0000000080000000, 0x00000000818e0000)
  from space 3136K,  34% used [0x0000000081bf0000, 0x0000000081cfb800, 0x0000000081f00000)
  to   space 3136K,   0% used [0x00000000818e0000, 0x00000000818e0000, 0x0000000081bf0000)
 tenured generation   total 63372K, used 59603K [0x00000000aaaa0000, 0x00000000ae883000, 0x0000000100000000)
   the space 63372K,  94% used [0x00000000aaaa0000, 0x00000000ae4d4c58, 0x00000000ae4d4e00, 0x00000000ae883000)
 Metaspace       used 108678K, capacity 122117K, committed 122216K, reserved 1155072K
  class space    used 15244K, capacity 16500K, committed 16528K, reserved 1048576K
}
Event: 78.902 GC heap before
{Heap before GC invocations=123 (full 8):
 def new generation   total 28608K, used 26542K [0x0000000080000000, 0x0000000081f00000, 0x00000000aaaa0000)
  eden space 25472K, 100% used [0x0000000080000000, 0x00000000818e0000, 0x00000000818e0000)
  from space 3136K,  34% used [0x0000000081bf0000, 0x0000000081cfb800, 0x0000000081f00000)
  to   space 3136K,   0% used [0x00000000818e0000, 0x00000000818e0000, 0x0000000081bf0000)
 tenured generation   total 63372K, used 59603K [0x00000000aaaa0000, 0x00000000ae883000, 0x0000000100000000)
   the space 63372K,  94% used [0x00000000aaaa0000, 0x00000000ae4d4c58, 0x00000000ae4d4e00, 0x00000000ae883000)
 Metaspace       used 108707K, capacity 122181K, committed 122216K, reserved 1155072K
  class space    used 15244K, capacity 16500K, committed 16528K, reserved 1048576K
Event: 78.908 GC heap after
Heap after GC invocations=124 (full 8):
 def new generation   total 28608K, used 3135K [0x0000000080000000, 0x0000000081f00000, 0x00000000aaaa0000)
  eden space 25472K,   0% used [0x0000000080000000, 0x0000000080000000, 0x00000000818e0000)
  from space 3136K,  99% used [0x00000000818e0000, 0x0000000081befff8, 0x0000000081bf0000)
  to   space 3136K,   0% used [0x0000000081bf0000, 0x0000000081bf0000, 0x0000000081f00000)
 tenured generation   total 63372K, used 60874K [0x00000000aaaa0000, 0x00000000ae883000, 0x0000000100000000)
   the space 63372K,  96% used [0x00000000aaaa0000, 0x00000000ae612808, 0x00000000ae612a00, 0x00000000ae883000)
 Metaspace       used 108707K, capacity 122181K, committed 122216K, reserved 1155072K
  class space    used 15244K, capacity 16500K, committed 16528K, reserved 1048576K
}
Event: 125.272 GC heap before
{Heap before GC invocations=124 (full 8):
 def new generation   total 28608K, used 28607K [0x0000000080000000, 0x0000000081f00000, 0x00000000aaaa0000)
  eden space 25472K, 100% used [0x0000000080000000, 0x00000000818e0000, 0x00000000818e0000)
  from space 3136K,  99% used [0x00000000818e0000, 0x0000000081befff8, 0x0000000081bf0000)
  to   space 3136K,   0% used [0x0000000081bf0000, 0x0000000081bf0000, 0x0000000081f00000)
 tenured generation   total 63372K, used 60874K [0x00000000aaaa0000, 0x00000000ae883000, 0x0000000100000000)
   the space 63372K,  96% used [0x00000000aaaa0000, 0x00000000ae612808, 0x00000000ae612a00, 0x00000000ae883000)
 Metaspace       used 108761K, capacity 122193K, committed 122472K, reserved 1155072K
  class space    used 15246K, capacity 16502K, committed 16528K, reserved 1048576K
Event: 125.278 GC heap after
Heap after GC invocations=125 (full 8):
 def new generation   total 28608K, used 2186K [0x0000000080000000, 0x0000000081f00000, 0x00000000aaaa0000)
  eden space 25472K,   0% used [0x0000000080000000, 0x0000000080000000, 0x00000000818e0000)
  from space 3136K,  69% used [0x0000000081bf0000, 0x0000000081e12898, 0x0000000081f00000)
  to   space 3136K,   0% used [0x00000000818e0000, 0x00000000818e0000, 0x0000000081bf0000)
 tenured generation   total 63372K, used 63058K [0x00000000aaaa0000, 0x00000000ae883000, 0x0000000100000000)
   the space 63372K,  99% used [0x00000000aaaa0000, 0x00000000ae834bd8, 0x00000000ae834c00, 0x00000000ae883000)
 Metaspace       used 108761K, capacity 122193K, committed 122472K, reserved 1155072K
  class space    used 15246K, capacity 16502K, committed 16528K, reserved 1048576K
}
Event: 125.501 GC heap before
{Heap before GC invocations=125 (full 8):
 def new generation   total 28608K, used 27658K [0x0000000080000000, 0x0000000081f00000, 0x00000000aaaa0000)
  eden space 25472K, 100% used [0x0000000080000000, 0x00000000818e0000, 0x00000000818e0000)
  from space 3136K,  69% used [0x0000000081bf0000, 0x0000000081e12898, 0x0000000081f00000)
  to   space 3136K,   0% used [0x00000000818e0000, 0x00000000818e0000, 0x0000000081bf0000)
 tenured generation   total 63372K, used 63058K [0x00000000aaaa0000, 0x00000000ae883000, 0x0000000100000000)
   the space 63372K,  99% used [0x00000000aaaa0000, 0x00000000ae834bd8, 0x00000000ae834c00, 0x00000000ae883000)
 Metaspace       used 108798K, capacity 122257K, committed 122472K, reserved 1155072K
  class space    used 15246K, capacity 16502K, committed 16528K, reserved 1048576K
Event: 125.726 GC heap after
Heap after GC invocations=126 (full 9):
 def new generation   total 30016K, used 0K [0x0000000080000000, 0x0000000082090000, 0x00000000aaaa0000)
  eden space 26688K,   0% used [0x0000000080000000, 0x0000000080000000, 0x0000000081a10000)
  from space 3328K,   0% used [0x0000000081a10000, 0x0000000081a10000, 0x0000000081d50000)
  to   space 3328K,   0% used [0x0000000081d50000, 0x0000000081d50000, 0x0000000082090000)
 tenured generation   total 66532K, used 39917K [0x00000000aaaa0000, 0x00000000aeb99000, 0x0000000100000000)
   the space 66532K,  59% used [0x00000000aaaa0000, 0x00000000ad19b6b8, 0x00000000ad19b800, 0x00000000aeb99000)
 Metaspace       used 108785K, capacity 122227K, committed 122472K, reserved 1155072K
  class space    used 15242K, capacity 16497K, committed 16528K, reserved 1048576K
}

